c:\users\markuss\desktop\viesnica\viesnica\debug\vc141.pdb
c:\users\markuss\desktop\viesnica\viesnica\debug\vc141.idb
c:\users\markuss\desktop\viesnica\viesnica\debug\user.obj
c:\users\markuss\desktop\viesnica\viesnica\debug\source.obj
c:\users\markuss\desktop\viesnica\viesnica\debug\funkcijas.obj
c:\users\markuss\desktop\viesnica\viesnica\debug\admin.obj
c:\users\markuss\desktop\viesnica\debug\viesnica.exe
c:\users\markuss\desktop\viesnica\debug\viesnica.ilk
c:\users\markuss\desktop\viesnica\debug\viesnica.pdb
d:\viesnica2019\viesnica\debug\admin.obj
d:\viesnica2019\viesnica\debug\funkcijas.obj
d:\viesnica2019\viesnica\debug\source.obj
d:\viesnica2019\viesnica\debug\user.obj
d:\viesnica2019\viesnica\debug\vc141.idb
d:\viesnica2019\viesnica\debug\vc141.pdb
d:\viesnica2019\debug\viesnica.pdb
d:\viesnica2019\debug\viesnica.exe
d:\viesnica2019\debug\viesnica.ilk
d:\viesnica2019\viesnica\debug\viesnica.tlog\cl.command.1.tlog
d:\viesnica2019\viesnica\debug\viesnica.tlog\cl.read.1.tlog
d:\viesnica2019\viesnica\debug\viesnica.tlog\cl.write.1.tlog
d:\viesnica2019\viesnica\debug\viesnica.tlog\link.command.1.tlog
d:\viesnica2019\viesnica\debug\viesnica.tlog\link.read.1.tlog
d:\viesnica2019\viesnica\debug\viesnica.tlog\link.write.1.tlog
